<?xml version="1.0" encoding="UTF-8"?>
<!-- Generated by org.testng.reporters.JUnitReportReporter -->
<testsuite hostname="DESKTOP-D0QCN09" failures="0" tests="1" name="com.send.Class1" time="0.008" errors="0" timestamp="2023-03-10T17:46:34 IST" skipped="0">
  <testcase classname="com.send.Class1" name="test1" time="0.008"/>
  <system-out/>
</testsuite> <!-- com.send.Class1 -->
