<?xml version="1.0" encoding="UTF-8"?>
<!-- Generated by org.testng.reporters.JUnitReportReporter -->
<testsuite skipped="0" hostname="DESKTOP-D0QCN09" name="com.send.Class1" tests="1" failures="0" timestamp="2023-03-10T17:53:56 IST" time="0.004" errors="0">
  <testcase name="test1" time="0.004" classname="com.send.Class1"/>
  <system-out/>
</testsuite> <!-- com.send.Class1 -->
